<?xml version="1.0" encoding="UTF-8" ?>
<testsuite tests="1" failures="0" name="me.qinchao.HTTPClient.AppTest" time="0.005" errors="0" skipped="0">
  <properties>
    <property name="java.runtime.name" value="Java(TM) SE Runtime Environment"/>
    <property name="sun.boot.library.path" value="E:\DevelopmentTools\java\jdk1.8.0_20_64\jre\bin"/>
    <property name="java.vm.version" value="25.20-b23"/>
    <property name="java.vm.vendor" value="Oracle Corporation"/>
    <property name="maven.multiModuleProjectDirectory" value="E:\Workspace\workspace-java\HTTPClient"/>
    <property name="java.vendor.url" value="http://java.oracle.com/"/>
    <property name="path.separator" value=";"/>
    <property name="guice.disable.misplaced.annotation.check" value="true"/>
    <property name="java.vm.name" value="Java HotSpot(TM) 64-Bit Server VM"/>
    <property name="file.encoding.pkg" value="sun.io"/>
    <property name="user.script" value=""/>
    <property name="user.country" value="CN"/>
    <property name="sun.java.launcher" value="SUN_STANDARD"/>
    <property name="sun.os.patch.level" value=""/>
    <property name="java.vm.specification.name" value="Java Virtual Machine Specification"/>
    <property name="user.dir" value="E:\Workspace\workspace-java\HTTPClient"/>
    <property name="java.runtime.version" value="1.8.0_20-b26"/>
    <property name="java.awt.graphicsenv" value="sun.awt.Win32GraphicsEnvironment"/>
    <property name="java.endorsed.dirs" value="E:\DevelopmentTools\java\jdk1.8.0_20_64\jre\lib\endorsed"/>
    <property name="os.arch" value="amd64"/>
    <property name="java.io.tmpdir" value="C:\Users\acer1\AppData\Local\Temp\"/>
    <property name="line.separator" value="
"/>
    <property name="java.vm.specification.vendor" value="Oracle Corporation"/>
    <property name="user.variant" value=""/>
    <property name="os.name" value="Windows 8.1"/>
    <property name="classworlds.conf" value="E:\Workspace\workspace-java\.metadata\.plugins\org.eclipse.m2e.launching\launches\m2conf7161935520706943418.tmp"/>
    <property name="sun.jnu.encoding" value="GBK"/>
    <property name="java.library.path" value="E:\DevelopmentTools\java\jdk1.8.0_20_64\bin;C:\WINDOWS\Sun\Java\bin;C:\WINDOWS\system32;C:\WINDOWS;E:/DevelopmentTools/java/jdk1.8.0_20_64/BIN/../jre/bin/server;E:/DevelopmentTools/java/jdk1.8.0_20_64/BIN/../jre/bin;E:/DevelopmentTools/java/jdk1.8.0_20_64/BIN/../jre/lib/amd64;E:\OpenSources\apache-cxf-2.6.2\bin;E:\DevelopmentTools\java\jdk1.8.0_20_64\BIN;E:\OpenSources\apache-maven-3.1.1\BIN;E:\DevelopmentTools\MinGW\BIN;E:\DevelopmentTools\adt-bundle-windows-x86_64-20131030\sdk\platform-tools;E:\DevelopmentTools\adt-bundle-windows-x86_64-20131030\sdk\tools;D:\lnk\;C:\Program Files (x86)\NVIDIA Corporation\PhysX\Common;C:\Program Files (x86)\Intel\iCLS Client\;C:\Program Files\Intel\iCLS Client\;C:\WINDOWS\system32;C:\WINDOWS;C:\WINDOWS\System32\Wbem;C:\WINDOWS\System32\WindowsPowerShell\v1.0\;C:\Program Files (x86)\Intel\OpenCL SDK\3.0\bin\x86;C:\Program Files (x86)\Intel\OpenCL SDK\3.0\bin\x64;C:\Program Files\Intel\Intel(R) Management Engine Components\DAL;C:\Program Files\Intel\Intel(R) Management Engine Components\IPT;C:\Program Files (x86)\Intel\Intel(R) Management Engine Components\DAL;C:\Program Files (x86)\Intel\Intel(R) Management Engine Components\IPT;C:\Program Files (x86)\MySQL\MySQL Server 5.5\bin;D:\Program Files\TortoiseSVN\bin;;E:\DevelopmentTools\eclipse;;."/>
    <property name="java.specification.name" value="Java Platform API Specification"/>
    <property name="java.class.version" value="52.0"/>
    <property name="sun.management.compiler" value="HotSpot 64-Bit Tiered Compilers"/>
    <property name="os.version" value="6.3"/>
    <property name="user.home" value="C:\Users\acer1"/>
    <property name="user.timezone" value="Asia/Shanghai"/>
    <property name="java.awt.printerjob" value="sun.awt.windows.WPrinterJob"/>
    <property name="java.specification.version" value="1.8"/>
    <property name="file.encoding" value="UTF-8"/>
    <property name="user.name" value="acer1"/>
    <property name="java.class.path" value="/E:/DevelopmentTools/eclipse/plugins/org.eclipse.m2e.maven.runtime_1.6.1.20150625-2337/jars/plexus-classworlds-2.5.2.jar"/>
    <property name="java.vm.specification.version" value="1.8"/>
    <property name="sun.arch.data.model" value="64"/>
    <property name="java.home" value="E:\DevelopmentTools\java\jdk1.8.0_20_64\jre"/>
    <property name="sun.java.command" value="org.codehaus.plexus.classworlds.launcher.Launcher -B -s E:\.m2\settings.xml test"/>
    <property name="java.specification.vendor" value="Oracle Corporation"/>
    <property name="user.language" value="zh"/>
    <property name="awt.toolkit" value="sun.awt.windows.WToolkit"/>
    <property name="java.vm.info" value="mixed mode"/>
    <property name="java.version" value="1.8.0_20"/>
    <property name="java.ext.dirs" value="E:\DevelopmentTools\java\jdk1.8.0_20_64\jre\lib\ext;C:\WINDOWS\Sun\Java\lib\ext"/>
    <property name="sun.boot.class.path" value="E:\DevelopmentTools\java\jdk1.8.0_20_64\jre\lib\resources.jar;E:\DevelopmentTools\java\jdk1.8.0_20_64\jre\lib\rt.jar;E:\DevelopmentTools\java\jdk1.8.0_20_64\jre\lib\sunrsasign.jar;E:\DevelopmentTools\java\jdk1.8.0_20_64\jre\lib\jsse.jar;E:\DevelopmentTools\java\jdk1.8.0_20_64\jre\lib\jce.jar;E:\DevelopmentTools\java\jdk1.8.0_20_64\jre\lib\charsets.jar;E:\DevelopmentTools\java\jdk1.8.0_20_64\jre\lib\jfr.jar;E:\DevelopmentTools\java\jdk1.8.0_20_64\jre\classes"/>
    <property name="java.vendor" value="Oracle Corporation"/>
    <property name="maven.home" value="E:\Workspace\workspace-java\HTTPClient\EMBEDDED"/>
    <property name="file.separator" value="\"/>
    <property name="java.vendor.url.bug" value="http://bugreport.sun.com/bugreport/"/>
    <property name="sun.cpu.endian" value="little"/>
    <property name="sun.io.unicode.encoding" value="UnicodeLittle"/>
    <property name="sun.desktop" value="windows"/>
    <property name="sun.cpu.isalist" value="amd64"/>
  </properties>
  <testcase classname="me.qinchao.HTTPClient.AppTest" name="testApp" time="0.005"/>
</testsuite>